09:32:17:507  INFO 8952 --- [main] com.hmall.user.UserServiceApplication    : Starting UserServiceApplication using Java 11.0.1 on 工藤新一 with PID 8952 (D:\Java\10\hmall\user-service\target\classes started by 李新安 in D:\Java\10\hmall)
09:32:17:520 DEBUG 8952 --- [main] com.hmall.user.UserServiceApplication    : Running with Spring Boot v2.7.12, Spring v5.3.27
09:32:17:521  INFO 8952 --- [main] com.hmall.user.UserServiceApplication    : The following 1 profile is active: "local"
09:32:20:383  INFO 8952 --- [main] .s.d.r.c.RepositoryConfigurationDelegate : Multiple Spring Data modules found, entering strict repository configuration mode
09:32:20:387  INFO 8952 --- [main] .s.d.r.c.RepositoryConfigurationDelegate : Bootstrapping Spring Data Redis repositories in DEFAULT mode.
09:32:20:482  INFO 8952 --- [main] .s.d.r.c.RepositoryConfigurationDelegate : Finished Spring Data repository scanning in 29 ms. Found 0 Redis repository interfaces.
09:32:20:992  INFO 8952 --- [main] o.s.cloud.context.scope.GenericScope     : BeanFactory id=9f689299-30bd-3950-b568-11f9c43d01f5
09:32:21:796  INFO 8952 --- [main] o.s.b.w.embedded.tomcat.TomcatWebServer  : Tomcat initialized with port(s): 8084 (http)
09:32:21:818  INFO 8952 --- [main] o.apache.catalina.core.StandardService   : Starting service [Tomcat]
09:32:21:819  INFO 8952 --- [main] org.apache.catalina.core.StandardEngine  : Starting Servlet engine: [Apache Tomcat/9.0.75]
09:32:22:167  INFO 8952 --- [main] o.a.c.c.C.[Tomcat].[localhost].[/]       : Initializing Spring embedded WebApplicationContext
09:32:22:167  INFO 8952 --- [main] w.s.c.ServletWebServerApplicationContext : Root WebApplicationContext: initialization completed in 4533 ms
09:32:29:073  INFO 8952 --- [main] pertySourcedRequestMappingHandlerMapping : Mapped URL path [/v2/api-docs] onto method [springfox.documentation.swagger2.web.Swagger2ControllerWebMvc#getDocumentation(String, HttpServletRequest)]
09:32:31:917  INFO 8952 --- [main] com.alibaba.nacos.common.remote.client   : [RpcClientFactory] create a new rpc client of 24af7712-c0c5-48a4-9fbf-3fff4869bd83
09:32:31:991  INFO 8952 --- [main] org.reflections.Reflections              : Reflections took 41 ms to scan 1 urls, producing 3 keys and 6 values 
09:32:32:056  INFO 8952 --- [main] org.reflections.Reflections              : Reflections took 25 ms to scan 1 urls, producing 4 keys and 9 values 
09:32:32:082  INFO 8952 --- [main] org.reflections.Reflections              : Reflections took 19 ms to scan 1 urls, producing 3 keys and 10 values 
09:32:32:094  WARN 8952 --- [main] org.reflections.Reflections              : given scan urls are empty. set urls in the configuration
09:32:32:113  INFO 8952 --- [main] org.reflections.Reflections              : Reflections took 17 ms to scan 1 urls, producing 1 keys and 5 values 
09:32:32:140  INFO 8952 --- [main] org.reflections.Reflections              : Reflections took 21 ms to scan 1 urls, producing 1 keys and 7 values 
09:32:32:165  INFO 8952 --- [main] org.reflections.Reflections              : Reflections took 19 ms to scan 1 urls, producing 2 keys and 8 values 
09:32:32:172  WARN 8952 --- [main] org.reflections.Reflections              : given scan urls are empty. set urls in the configuration
09:32:32:175  INFO 8952 --- [main] com.alibaba.nacos.common.remote.client   : [24af7712-c0c5-48a4-9fbf-3fff4869bd83] RpcClient init label, labels = {module=naming, source=sdk}
09:32:32:180  INFO 8952 --- [main] com.alibaba.nacos.common.remote.client   : [24af7712-c0c5-48a4-9fbf-3fff4869bd83] RpcClient init, ServerListFactory = com.alibaba.nacos.client.naming.core.ServerListManager
09:32:32:180  INFO 8952 --- [main] com.alibaba.nacos.common.remote.client   : [24af7712-c0c5-48a4-9fbf-3fff4869bd83] Registry connection listener to current client:com.alibaba.nacos.client.naming.remote.gprc.redo.NamingGrpcRedoService
09:32:32:182  INFO 8952 --- [main] com.alibaba.nacos.common.remote.client   : [24af7712-c0c5-48a4-9fbf-3fff4869bd83] Register server push request handler:com.alibaba.nacos.client.naming.remote.gprc.NamingPushRequestHandler
09:32:32:186  INFO 8952 --- [main] com.alibaba.nacos.common.remote.client   : [24af7712-c0c5-48a4-9fbf-3fff4869bd83] Try to connect to server on start up, server: {serverIp = '192.168.47.132', server main port = 8848}
09:32:36:054  INFO 8952 --- [main] com.alibaba.nacos.common.remote.client   : [24af7712-c0c5-48a4-9fbf-3fff4869bd83] Success to connect to server [192.168.47.132:8848] on start up, connectionId = 1727212788512_192.168.47.1_62197
09:32:36:058  INFO 8952 --- [com.alibaba.nacos.client.remote.worker] com.alibaba.nacos.common.remote.client   : [24af7712-c0c5-48a4-9fbf-3fff4869bd83] Notify connected event to listeners.
09:32:36:061  INFO 8952 --- [main] com.alibaba.nacos.common.remote.client   : [24af7712-c0c5-48a4-9fbf-3fff4869bd83] Register server push request handler:com.alibaba.nacos.common.remote.client.RpcClient$ConnectResetRequestHandler
09:32:36:064  INFO 8952 --- [main] com.alibaba.nacos.common.remote.client   : [24af7712-c0c5-48a4-9fbf-3fff4869bd83] Register server push request handler:com.alibaba.nacos.common.remote.client.RpcClient$$Lambda$1095/0x000000080080d440
09:32:36:318  INFO 8952 --- [main] o.s.b.w.embedded.tomcat.TomcatWebServer  : Tomcat started on port(s): 8084 (http) with context path ''
09:32:36:338  INFO 8952 --- [main] c.a.c.n.registry.NacosServiceRegistry    : nacos registry, DEFAULT_GROUP hm-api 192.168.43.135:8084 register finished
09:32:36:705  INFO 8952 --- [nacos-grpc-client-executor-10] com.alibaba.nacos.common.remote.client   : [24af7712-c0c5-48a4-9fbf-3fff4869bd83] Receive server push request, request = NotifySubscriberRequest, requestId = 50
09:32:36:743  INFO 8952 --- [nacos-grpc-client-executor-10] com.alibaba.nacos.common.remote.client   : [24af7712-c0c5-48a4-9fbf-3fff4869bd83] Ack server push request, request = NotifySubscriberRequest, requestId = 50
09:32:37:521  INFO 8952 --- [main] d.s.w.p.DocumentationPluginsBootstrapper : Documentation plugins bootstrapped
09:32:37:525  INFO 8952 --- [main] d.s.w.p.DocumentationPluginsBootstrapper : Found 1 custom documentation plugin(s)
09:32:37:558  INFO 8952 --- [main] s.d.s.w.s.ApiListingReferenceScanner     : Scanning for api listing references
09:32:37:694  INFO 8952 --- [main] com.hmall.user.UserServiceApplication    : Started UserServiceApplication in 22.532 seconds (JVM running for 24.68)
09:33:04:734  INFO 8952 --- [http-nio-8084-exec-1] o.a.c.c.C.[Tomcat].[localhost].[/]       : Initializing Spring DispatcherServlet 'dispatcherServlet'
09:33:04:734  INFO 8952 --- [http-nio-8084-exec-1] o.s.web.servlet.DispatcherServlet        : Initializing Servlet 'dispatcherServlet'
09:33:04:737  INFO 8952 --- [http-nio-8084-exec-1] o.s.web.servlet.DispatcherServlet        : Completed initialization in 3 ms
09:34:54:161  INFO 8952 --- [http-nio-8084-exec-10] com.zaxxer.hikari.HikariDataSource       : HikariPool-1 - Starting...
09:34:55:414  INFO 8952 --- [http-nio-8084-exec-10] com.zaxxer.hikari.HikariDataSource       : HikariPool-1 - Start completed.
09:34:55:448 DEBUG 8952 --- [http-nio-8084-exec-10] c.h.user.mapper.UserMapper.selectOne     : ==>  Preparing: SELECT id,username,password,phone,create_time,update_time,status,balance FROM user WHERE (username = ?)
09:34:55:555 DEBUG 8952 --- [http-nio-8084-exec-10] c.h.user.mapper.UserMapper.selectOne     : ==> Parameters: Jack(String)
09:34:55:728 DEBUG 8952 --- [http-nio-8084-exec-10] c.h.user.mapper.UserMapper.selectOne     : <==      Total: 1
