11:30:30:691  INFO 8152 --- [main] com.hmall.cart.CartApplication           : Starting CartApplication using Java 11.0.1 on 工藤新一 with PID 8152 (D:\Java\10\hmall\cart-service\target\classes started by 李新安 in D:\Java\10\hmall)
11:30:30:697 DEBUG 8152 --- [main] com.hmall.cart.CartApplication           : Running with Spring Boot v2.7.12, Spring v5.3.27
11:30:30:698  INFO 8152 --- [main] com.hmall.cart.CartApplication           : The following 1 profile is active: "local"
11:30:31:833  INFO 8152 --- [main] .s.d.r.c.RepositoryConfigurationDelegate : Multiple Spring Data modules found, entering strict repository configuration mode
11:30:31:837  INFO 8152 --- [main] .s.d.r.c.RepositoryConfigurationDelegate : Bootstrapping Spring Data Redis repositories in DEFAULT mode.
11:30:31:882  INFO 8152 --- [main] .s.d.r.c.RepositoryConfigurationDelegate : Finished Spring Data repository scanning in 18 ms. Found 0 Redis repository interfaces.
11:30:32:163  INFO 8152 --- [main] o.s.cloud.context.scope.GenericScope     : BeanFactory id=1b259096-a7fd-3a4b-8358-b8fc7aa45ab6
11:30:32:627  INFO 8152 --- [main] o.s.b.w.embedded.tomcat.TomcatWebServer  : Tomcat initialized with port(s): 8082 (http)
11:30:32:638  INFO 8152 --- [main] o.apache.catalina.core.StandardService   : Starting service [Tomcat]
11:30:32:638  INFO 8152 --- [main] org.apache.catalina.core.StandardEngine  : Starting Servlet engine: [Apache Tomcat/9.0.75]
11:30:32:785  INFO 8152 --- [main] o.a.c.c.C.[Tomcat].[localhost].[/]       : Initializing Spring embedded WebApplicationContext
11:30:32:785  INFO 8152 --- [main] w.s.c.ServletWebServerApplicationContext : Root WebApplicationContext: initialization completed in 2035 ms
11:30:37:590  INFO 8152 --- [main] pertySourcedRequestMappingHandlerMapping : Mapped URL path [/v2/api-docs] onto method [springfox.documentation.swagger2.web.Swagger2ControllerWebMvc#getDocumentation(String, HttpServletRequest)]
11:30:38:067  INFO 8152 --- [main] com.alibaba.nacos.common.remote.client   : [RpcClientFactory] create a new rpc client of 3698a8df-7b53-4610-9fa7-3132b720bc19
11:30:38:112  INFO 8152 --- [main] org.reflections.Reflections              : Reflections took 25 ms to scan 1 urls, producing 3 keys and 6 values 
11:30:38:140  INFO 8152 --- [main] org.reflections.Reflections              : Reflections took 11 ms to scan 1 urls, producing 4 keys and 9 values 
11:30:38:152  INFO 8152 --- [main] org.reflections.Reflections              : Reflections took 9 ms to scan 1 urls, producing 3 keys and 10 values 
11:30:38:156  WARN 8152 --- [main] org.reflections.Reflections              : given scan urls are empty. set urls in the configuration
11:30:38:164  INFO 8152 --- [main] org.reflections.Reflections              : Reflections took 8 ms to scan 1 urls, producing 1 keys and 5 values 
11:30:38:175  INFO 8152 --- [main] org.reflections.Reflections              : Reflections took 8 ms to scan 1 urls, producing 1 keys and 7 values 
11:30:38:187  INFO 8152 --- [main] org.reflections.Reflections              : Reflections took 9 ms to scan 1 urls, producing 2 keys and 8 values 
11:30:38:189  WARN 8152 --- [main] org.reflections.Reflections              : given scan urls are empty. set urls in the configuration
11:30:38:190  INFO 8152 --- [main] com.alibaba.nacos.common.remote.client   : [3698a8df-7b53-4610-9fa7-3132b720bc19] RpcClient init label, labels = {module=naming, source=sdk}
11:30:38:192  INFO 8152 --- [main] com.alibaba.nacos.common.remote.client   : [3698a8df-7b53-4610-9fa7-3132b720bc19] RpcClient init, ServerListFactory = com.alibaba.nacos.client.naming.core.ServerListManager
11:30:38:192  INFO 8152 --- [main] com.alibaba.nacos.common.remote.client   : [3698a8df-7b53-4610-9fa7-3132b720bc19] Registry connection listener to current client:com.alibaba.nacos.client.naming.remote.gprc.redo.NamingGrpcRedoService
11:30:38:192  INFO 8152 --- [main] com.alibaba.nacos.common.remote.client   : [3698a8df-7b53-4610-9fa7-3132b720bc19] Register server push request handler:com.alibaba.nacos.client.naming.remote.gprc.NamingPushRequestHandler
11:30:38:194  INFO 8152 --- [main] com.alibaba.nacos.common.remote.client   : [3698a8df-7b53-4610-9fa7-3132b720bc19] Try to connect to server on start up, server: {serverIp = '192.168.47.132', server main port = 8848}
11:30:40:266  INFO 8152 --- [main] com.alibaba.nacos.common.remote.client   : [3698a8df-7b53-4610-9fa7-3132b720bc19] Success to connect to server [192.168.47.132:8848] on start up, connectionId = 1727184214947_192.168.47.1_62017
11:30:40:269  INFO 8152 --- [main] com.alibaba.nacos.common.remote.client   : [3698a8df-7b53-4610-9fa7-3132b720bc19] Register server push request handler:com.alibaba.nacos.common.remote.client.RpcClient$ConnectResetRequestHandler
11:30:40:268  INFO 8152 --- [com.alibaba.nacos.client.remote.worker] com.alibaba.nacos.common.remote.client   : [3698a8df-7b53-4610-9fa7-3132b720bc19] Notify connected event to listeners.
11:30:40:270  INFO 8152 --- [main] com.alibaba.nacos.common.remote.client   : [3698a8df-7b53-4610-9fa7-3132b720bc19] Register server push request handler:com.alibaba.nacos.common.remote.client.RpcClient$$Lambda$1059/0x0000000800888040
11:30:40:326  INFO 8152 --- [main] o.s.b.w.embedded.tomcat.TomcatWebServer  : Tomcat started on port(s): 8082 (http) with context path ''
11:30:40:827  INFO 8152 --- [nacos-grpc-client-executor-7] com.alibaba.nacos.common.remote.client   : [3698a8df-7b53-4610-9fa7-3132b720bc19] Receive server push request, request = NotifySubscriberRequest, requestId = 10
11:30:40:829  INFO 8152 --- [nacos-grpc-client-executor-7] com.alibaba.nacos.common.remote.client   : [3698a8df-7b53-4610-9fa7-3132b720bc19] Ack server push request, request = NotifySubscriberRequest, requestId = 10
11:30:40:958  INFO 8152 --- [main] c.a.c.n.registry.NacosServiceRegistry    : nacos registry, DEFAULT_GROUP cart-service 192.168.43.135:8082 register finished
11:30:40:959  INFO 8152 --- [main] d.s.w.p.DocumentationPluginsBootstrapper : Documentation plugins bootstrapped
11:30:40:962  INFO 8152 --- [main] d.s.w.p.DocumentationPluginsBootstrapper : Found 1 custom documentation plugin(s)
11:30:40:991  INFO 8152 --- [main] s.d.s.w.s.ApiListingReferenceScanner     : Scanning for api listing references
11:30:41:092  INFO 8152 --- [main] com.hmall.cart.CartApplication           : Started CartApplication in 12.23 seconds (JVM running for 14.159)
11:30:41:464  INFO 8152 --- [nacos-grpc-client-executor-12] com.alibaba.nacos.common.remote.client   : [3698a8df-7b53-4610-9fa7-3132b720bc19] Receive server push request, request = NotifySubscriberRequest, requestId = 11
11:30:41:466  INFO 8152 --- [nacos-grpc-client-executor-12] com.alibaba.nacos.common.remote.client   : [3698a8df-7b53-4610-9fa7-3132b720bc19] Ack server push request, request = NotifySubscriberRequest, requestId = 11
11:31:25:156  INFO 8152 --- [http-nio-8082-exec-4] o.a.c.c.C.[Tomcat].[localhost].[/]       : Initializing Spring DispatcherServlet 'dispatcherServlet'
11:31:25:156  INFO 8152 --- [http-nio-8082-exec-4] o.s.web.servlet.DispatcherServlet        : Initializing Servlet 'dispatcherServlet'
11:31:25:158  INFO 8152 --- [http-nio-8082-exec-4] o.s.web.servlet.DispatcherServlet        : Completed initialization in 1 ms
11:31:31:034  INFO 8152 --- [http-nio-8082-exec-8] com.zaxxer.hikari.HikariDataSource       : HikariPool-1 - Starting...
11:31:31:485  INFO 8152 --- [http-nio-8082-exec-8] com.zaxxer.hikari.HikariDataSource       : HikariPool-1 - Start completed.
11:31:31:493 DEBUG 8152 --- [http-nio-8082-exec-8] c.h.cart.mapper.CartMapper.selectList    : ==>  Preparing: SELECT id,user_id,item_id,num,name,spec,price,image,create_time,update_time FROM cart WHERE (user_id = ?)
11:31:31:518 DEBUG 8152 --- [http-nio-8082-exec-8] c.h.cart.mapper.CartMapper.selectList    : ==> Parameters: 1(Long)
11:31:31:553 DEBUG 8152 --- [http-nio-8082-exec-8] c.h.cart.mapper.CartMapper.selectList    : <==      Total: 1
11:31:32:155  INFO 8152 --- [nacos-grpc-client-executor-27] com.alibaba.nacos.common.remote.client   : [3698a8df-7b53-4610-9fa7-3132b720bc19] Receive server push request, request = NotifySubscriberRequest, requestId = 12
11:31:32:156  INFO 8152 --- [nacos-grpc-client-executor-27] com.alibaba.nacos.common.remote.client   : [3698a8df-7b53-4610-9fa7-3132b720bc19] Ack server push request, request = NotifySubscriberRequest, requestId = 12
11:31:33:792 DEBUG 8152 --- [http-nio-8082-exec-7] c.h.cart.mapper.CartMapper.selectList    : ==>  Preparing: SELECT id,user_id,item_id,num,name,spec,price,image,create_time,update_time FROM cart WHERE (user_id = ?)
11:31:33:792 DEBUG 8152 --- [http-nio-8082-exec-7] c.h.cart.mapper.CartMapper.selectList    : ==> Parameters: 1(Long)
11:31:33:795 DEBUG 8152 --- [http-nio-8082-exec-7] c.h.cart.mapper.CartMapper.selectList    : <==      Total: 1
11:31:35:014 DEBUG 8152 --- [http-nio-8082-exec-9] c.h.cart.mapper.CartMapper.selectList    : ==>  Preparing: SELECT id,user_id,item_id,num,name,spec,price,image,create_time,update_time FROM cart WHERE (user_id = ?)
11:31:35:015 DEBUG 8152 --- [http-nio-8082-exec-9] c.h.cart.mapper.CartMapper.selectList    : ==> Parameters: 1(Long)
11:31:35:018 DEBUG 8152 --- [http-nio-8082-exec-9] c.h.cart.mapper.CartMapper.selectList    : <==      Total: 1
11:31:35:518 DEBUG 8152 --- [http-nio-8082-exec-4] c.h.cart.mapper.CartMapper.selectList    : ==>  Preparing: SELECT id,user_id,item_id,num,name,spec,price,image,create_time,update_time FROM cart WHERE (user_id = ?)
11:31:35:518 DEBUG 8152 --- [http-nio-8082-exec-4] c.h.cart.mapper.CartMapper.selectList    : ==> Parameters: 1(Long)
11:31:35:521 DEBUG 8152 --- [http-nio-8082-exec-4] c.h.cart.mapper.CartMapper.selectList    : <==      Total: 1
11:32:30:977  INFO 8152 --- [nacos-grpc-client-executor-42] com.alibaba.nacos.common.remote.client   : [3698a8df-7b53-4610-9fa7-3132b720bc19] Receive server push request, request = NotifySubscriberRequest, requestId = 14
11:32:30:980  INFO 8152 --- [nacos-grpc-client-executor-42] com.alibaba.nacos.common.remote.client   : [3698a8df-7b53-4610-9fa7-3132b720bc19] Ack server push request, request = NotifySubscriberRequest, requestId = 14
12:43:45:413  INFO 5796 --- [main] com.hmall.cart.CartApplication           : Starting CartApplication using Java 11.0.1 on 工藤新一 with PID 5796 (D:\Java\10\hmall\cart-service\target\classes started by 李新安 in D:\Java\10\hmall)
12:43:45:415 DEBUG 5796 --- [main] com.hmall.cart.CartApplication           : Running with Spring Boot v2.7.12, Spring v5.3.27
12:43:45:416  INFO 5796 --- [main] com.hmall.cart.CartApplication           : The following 1 profile is active: "local"
12:43:46:722  INFO 5796 --- [main] .s.d.r.c.RepositoryConfigurationDelegate : Multiple Spring Data modules found, entering strict repository configuration mode
12:43:46:725  INFO 5796 --- [main] .s.d.r.c.RepositoryConfigurationDelegate : Bootstrapping Spring Data Redis repositories in DEFAULT mode.
12:43:46:779  INFO 5796 --- [main] .s.d.r.c.RepositoryConfigurationDelegate : Finished Spring Data repository scanning in 36 ms. Found 0 Redis repository interfaces.
12:43:47:084  INFO 5796 --- [main] o.s.cloud.context.scope.GenericScope     : BeanFactory id=7b090df3-ecaa-3d88-9930-6444b7a196e3
12:43:47:158  INFO 5796 --- [main] trationDelegate$BeanPostProcessorChecker : Bean 'com.hmall.cart.client.ItemClient' of type [org.springframework.cloud.openfeign.FeignClientFactoryBean] is not eligible for getting processed by all BeanPostProcessors (for example: not eligible for auto-proxying)
12:43:47:576  INFO 5796 --- [main] o.s.b.w.embedded.tomcat.TomcatWebServer  : Tomcat initialized with port(s): 8082 (http)
12:43:47:587  INFO 5796 --- [main] o.apache.catalina.core.StandardService   : Starting service [Tomcat]
12:43:47:589  INFO 5796 --- [main] org.apache.catalina.core.StandardEngine  : Starting Servlet engine: [Apache Tomcat/9.0.75]
12:43:47:764  INFO 5796 --- [main] o.a.c.c.C.[Tomcat].[localhost].[/]       : Initializing Spring embedded WebApplicationContext
12:43:47:764  INFO 5796 --- [main] w.s.c.ServletWebServerApplicationContext : Root WebApplicationContext: initialization completed in 2292 ms
12:43:48:032  WARN 5796 --- [main] ConfigServletWebServerApplicationContext : Exception encountered during context initialization - cancelling refresh attempt: org.springframework.beans.factory.UnsatisfiedDependencyException: Error creating bean with name 'cartController' defined in file [D:\Java\10\hmall\cart-service\target\classes\com\hmall\cart\controller\CartController.class]: Unsatisfied dependency expressed through constructor parameter 0; nested exception is org.springframework.beans.factory.UnsatisfiedDependencyException: Error creating bean with name 'cartServiceImpl' defined in file [D:\Java\10\hmall\cart-service\target\classes\com\hmall\cart\service\impl\CartServiceImpl.class]: Unsatisfied dependency expressed through constructor parameter 0; nested exception is org.springframework.beans.factory.BeanCreationException: Error creating bean with name 'com.hmall.cart.client.ItemClient': FactoryBean threw exception on object creation; nested exception is java.lang.IllegalStateException: No Feign Client for loadBalancing defined. Did you forget to include spring-cloud-starter-netflix-ribbon?
12:43:48:035  INFO 5796 --- [main] o.apache.catalina.core.StandardService   : Stopping service [Tomcat]
12:43:48:056  INFO 5796 --- [main] ConditionEvaluationReportLoggingListener : 

Error starting ApplicationContext. To display the conditions report re-run your application with 'debug' enabled.
12:43:48:091 ERROR 5796 --- [main] o.s.boot.SpringApplication               : Application run failed

org.springframework.beans.factory.UnsatisfiedDependencyException: Error creating bean with name 'cartController' defined in file [D:\Java\10\hmall\cart-service\target\classes\com\hmall\cart\controller\CartController.class]: Unsatisfied dependency expressed through constructor parameter 0; nested exception is org.springframework.beans.factory.UnsatisfiedDependencyException: Error creating bean with name 'cartServiceImpl' defined in file [D:\Java\10\hmall\cart-service\target\classes\com\hmall\cart\service\impl\CartServiceImpl.class]: Unsatisfied dependency expressed through constructor parameter 0; nested exception is org.springframework.beans.factory.BeanCreationException: Error creating bean with name 'com.hmall.cart.client.ItemClient': FactoryBean threw exception on object creation; nested exception is java.lang.IllegalStateException: No Feign Client for loadBalancing defined. Did you forget to include spring-cloud-starter-netflix-ribbon?
	at org.springframework.beans.factory.support.ConstructorResolver.createArgumentArray(ConstructorResolver.java:800) ~[spring-beans-5.3.27.jar:5.3.27]
	at org.springframework.beans.factory.support.ConstructorResolver.autowireConstructor(ConstructorResolver.java:229) ~[spring-beans-5.3.27.jar:5.3.27]
	at org.springframework.beans.factory.support.AbstractAutowireCapableBeanFactory.autowireConstructor(AbstractAutowireCapableBeanFactory.java:1372) ~[spring-beans-5.3.27.jar:5.3.27]
	at org.springframework.beans.factory.support.AbstractAutowireCapableBeanFactory.createBeanInstance(AbstractAutowireCapableBeanFactory.java:1222) ~[spring-beans-5.3.27.jar:5.3.27]
	at org.springframework.beans.factory.support.AbstractAutowireCapableBeanFactory.doCreateBean(AbstractAutowireCapableBeanFactory.java:582) ~[spring-beans-5.3.27.jar:5.3.27]
	at org.springframework.beans.factory.support.AbstractAutowireCapableBeanFactory.createBean(AbstractAutowireCapableBeanFactory.java:542) ~[spring-beans-5.3.27.jar:5.3.27]
	at org.springframework.beans.factory.support.AbstractBeanFactory.lambda$doGetBean$0(AbstractBeanFactory.java:335) ~[spring-beans-5.3.27.jar:5.3.27]
	at org.springframework.beans.factory.support.DefaultSingletonBeanRegistry.getSingleton(DefaultSingletonBeanRegistry.java:234) ~[spring-beans-5.3.27.jar:5.3.27]
	at org.springframework.beans.factory.support.AbstractBeanFactory.doGetBean(AbstractBeanFactory.java:333) ~[spring-beans-5.3.27.jar:5.3.27]
	at org.springframework.beans.factory.support.AbstractBeanFactory.getBean(AbstractBeanFactory.java:208) ~[spring-beans-5.3.27.jar:5.3.27]
	at org.springframework.beans.factory.support.DefaultListableBeanFactory.preInstantiateSingletons(DefaultListableBeanFactory.java:955) ~[spring-beans-5.3.27.jar:5.3.27]
	at org.springframework.context.support.AbstractApplicationContext.finishBeanFactoryInitialization(AbstractApplicationContext.java:920) ~[spring-context-5.3.27.jar:5.3.27]
	at org.springframework.context.support.AbstractApplicationContext.refresh(AbstractApplicationContext.java:583) ~[spring-context-5.3.27.jar:5.3.27]
	at org.springframework.boot.web.servlet.context.ServletWebServerApplicationContext.refresh(ServletWebServerApplicationContext.java:147) ~[spring-boot-2.7.12.jar:2.7.12]
	at org.springframework.boot.SpringApplication.refresh(SpringApplication.java:731) ~[spring-boot-2.7.12.jar:2.7.12]
	at org.springframework.boot.SpringApplication.refreshContext(SpringApplication.java:408) ~[spring-boot-2.7.12.jar:2.7.12]
	at org.springframework.boot.SpringApplication.run(SpringApplication.java:307) ~[spring-boot-2.7.12.jar:2.7.12]
	at org.springframework.boot.SpringApplication.run(SpringApplication.java:1303) ~[spring-boot-2.7.12.jar:2.7.12]
	at org.springframework.boot.SpringApplication.run(SpringApplication.java:1292) ~[spring-boot-2.7.12.jar:2.7.12]
	at com.hmall.cart.CartApplication.main(CartApplication.java:15) ~[classes/:na]
Caused by: org.springframework.beans.factory.UnsatisfiedDependencyException: Error creating bean with name 'cartServiceImpl' defined in file [D:\Java\10\hmall\cart-service\target\classes\com\hmall\cart\service\impl\CartServiceImpl.class]: Unsatisfied dependency expressed through constructor parameter 0; nested exception is org.springframework.beans.factory.BeanCreationException: Error creating bean with name 'com.hmall.cart.client.ItemClient': FactoryBean threw exception on object creation; nested exception is java.lang.IllegalStateException: No Feign Client for loadBalancing defined. Did you forget to include spring-cloud-starter-netflix-ribbon?
	at org.springframework.beans.factory.support.ConstructorResolver.createArgumentArray(ConstructorResolver.java:800) ~[spring-beans-5.3.27.jar:5.3.27]
	at org.springframework.beans.factory.support.ConstructorResolver.autowireConstructor(ConstructorResolver.java:229) ~[spring-beans-5.3.27.jar:5.3.27]
	at org.springframework.beans.factory.support.AbstractAutowireCapableBeanFactory.autowireConstructor(AbstractAutowireCapableBeanFactory.java:1372) ~[spring-beans-5.3.27.jar:5.3.27]
	at org.springframework.beans.factory.support.AbstractAutowireCapableBeanFactory.createBeanInstance(AbstractAutowireCapableBeanFactory.java:1222) ~[spring-beans-5.3.27.jar:5.3.27]
	at org.springframework.beans.factory.support.AbstractAutowireCapableBeanFactory.doCreateBean(AbstractAutowireCapableBeanFactory.java:582) ~[spring-beans-5.3.27.jar:5.3.27]
	at org.springframework.beans.factory.support.AbstractAutowireCapableBeanFactory.createBean(AbstractAutowireCapableBeanFactory.java:542) ~[spring-beans-5.3.27.jar:5.3.27]
	at org.springframework.beans.factory.support.AbstractBeanFactory.lambda$doGetBean$0(AbstractBeanFactory.java:335) ~[spring-beans-5.3.27.jar:5.3.27]
	at org.springframework.beans.factory.support.DefaultSingletonBeanRegistry.getSingleton(DefaultSingletonBeanRegistry.java:234) ~[spring-beans-5.3.27.jar:5.3.27]
	at org.springframework.beans.factory.support.AbstractBeanFactory.doGetBean(AbstractBeanFactory.java:333) ~[spring-beans-5.3.27.jar:5.3.27]
	at org.springframework.beans.factory.support.AbstractBeanFactory.getBean(AbstractBeanFactory.java:208) ~[spring-beans-5.3.27.jar:5.3.27]
	at org.springframework.beans.factory.config.DependencyDescriptor.resolveCandidate(DependencyDescriptor.java:276) ~[spring-beans-5.3.27.jar:5.3.27]
	at org.springframework.beans.factory.support.DefaultListableBeanFactory.doResolveDependency(DefaultListableBeanFactory.java:1391) ~[spring-beans-5.3.27.jar:5.3.27]
	at org.springframework.beans.factory.support.DefaultListableBeanFactory.resolveDependency(DefaultListableBeanFactory.java:1311) ~[spring-beans-5.3.27.jar:5.3.27]
	at org.springframework.beans.factory.support.ConstructorResolver.resolveAutowiredArgument(ConstructorResolver.java:887) ~[spring-beans-5.3.27.jar:5.3.27]
	at org.springframework.beans.factory.support.ConstructorResolver.createArgumentArray(ConstructorResolver.java:791) ~[spring-beans-5.3.27.jar:5.3.27]
	... 19 common frames omitted
Caused by: org.springframework.beans.factory.BeanCreationException: Error creating bean with name 'com.hmall.cart.client.ItemClient': FactoryBean threw exception on object creation; nested exception is java.lang.IllegalStateException: No Feign Client for loadBalancing defined. Did you forget to include spring-cloud-starter-netflix-ribbon?
	at org.springframework.beans.factory.support.FactoryBeanRegistrySupport.doGetObjectFromFactoryBean(FactoryBeanRegistrySupport.java:176) ~[spring-beans-5.3.27.jar:5.3.27]
	at org.springframework.beans.factory.support.FactoryBeanRegistrySupport.getObjectFromFactoryBean(FactoryBeanRegistrySupport.java:101) ~[spring-beans-5.3.27.jar:5.3.27]
	at org.springframework.beans.factory.support.AbstractBeanFactory.getObjectForBeanInstance(AbstractBeanFactory.java:1898) ~[spring-beans-5.3.27.jar:5.3.27]
	at org.springframework.beans.factory.support.AbstractAutowireCapableBeanFactory.getObjectForBeanInstance(AbstractAutowireCapableBeanFactory.java:1284) ~[spring-beans-5.3.27.jar:5.3.27]
	at org.springframework.beans.factory.support.AbstractBeanFactory.doGetBean(AbstractBeanFactory.java:267) ~[spring-beans-5.3.27.jar:5.3.27]
	at org.springframework.beans.factory.support.AbstractBeanFactory.getBean(AbstractBeanFactory.java:208) ~[spring-beans-5.3.27.jar:5.3.27]
	at org.springframework.beans.factory.config.DependencyDescriptor.resolveCandidate(DependencyDescriptor.java:276) ~[spring-beans-5.3.27.jar:5.3.27]
	at org.springframework.beans.factory.support.DefaultListableBeanFactory.addCandidateEntry(DefaultListableBeanFactory.java:1616) ~[spring-beans-5.3.27.jar:5.3.27]
	at org.springframework.beans.factory.support.DefaultListableBeanFactory.findAutowireCandidates(DefaultListableBeanFactory.java:1573) ~[spring-beans-5.3.27.jar:5.3.27]
	at org.springframework.beans.factory.support.DefaultListableBeanFactory.doResolveDependency(DefaultListableBeanFactory.java:1354) ~[spring-beans-5.3.27.jar:5.3.27]
	at org.springframework.beans.factory.support.DefaultListableBeanFactory.resolveDependency(DefaultListableBeanFactory.java:1311) ~[spring-beans-5.3.27.jar:5.3.27]
	at org.springframework.beans.factory.support.ConstructorResolver.resolveAutowiredArgument(ConstructorResolver.java:887) ~[spring-beans-5.3.27.jar:5.3.27]
	at org.springframework.beans.factory.support.ConstructorResolver.createArgumentArray(ConstructorResolver.java:791) ~[spring-beans-5.3.27.jar:5.3.27]
	... 33 common frames omitted
Caused by: java.lang.IllegalStateException: No Feign Client for loadBalancing defined. Did you forget to include spring-cloud-starter-netflix-ribbon?
	at org.springframework.cloud.openfeign.FeignClientFactoryBean.loadBalance(FeignClientFactoryBean.java:241) ~[spring-cloud-openfeign-core-2.1.1.RELEASE.jar:2.1.1.RELEASE]
	at org.springframework.cloud.openfeign.FeignClientFactoryBean.getTarget(FeignClientFactoryBean.java:267) ~[spring-cloud-openfeign-core-2.1.1.RELEASE.jar:2.1.1.RELEASE]
	at org.springframework.cloud.openfeign.FeignClientFactoryBean.getObject(FeignClientFactoryBean.java:247) ~[spring-cloud-openfeign-core-2.1.1.RELEASE.jar:2.1.1.RELEASE]
	at org.springframework.beans.factory.support.FactoryBeanRegistrySupport.doGetObjectFromFactoryBean(FactoryBeanRegistrySupport.java:169) ~[spring-beans-5.3.27.jar:5.3.27]
	... 45 common frames omitted

13:08:49:861  INFO 2384 --- [main] com.hmall.cart.CartApplication           : Starting CartApplication using Java 11.0.1 on 工藤新一 with PID 2384 (D:\Java\10\hmall\cart-service\target\classes started by 李新安 in D:\Java\10\hmall)
13:08:49:863 DEBUG 2384 --- [main] com.hmall.cart.CartApplication           : Running with Spring Boot v2.7.12, Spring v5.3.27
13:08:49:864  INFO 2384 --- [main] com.hmall.cart.CartApplication           : The following 1 profile is active: "local"
13:08:50:810  INFO 2384 --- [main] .s.d.r.c.RepositoryConfigurationDelegate : Multiple Spring Data modules found, entering strict repository configuration mode
13:08:50:812  INFO 2384 --- [main] .s.d.r.c.RepositoryConfigurationDelegate : Bootstrapping Spring Data Redis repositories in DEFAULT mode.
13:08:50:839  INFO 2384 --- [main] .s.d.r.c.RepositoryConfigurationDelegate : Finished Spring Data repository scanning in 11 ms. Found 0 Redis repository interfaces.
13:08:51:077  INFO 2384 --- [main] o.s.cloud.context.scope.GenericScope     : BeanFactory id=7b090df3-ecaa-3d88-9930-6444b7a196e3
13:08:51:135  INFO 2384 --- [main] trationDelegate$BeanPostProcessorChecker : Bean 'com.hmall.cart.client.ItemClient' of type [org.springframework.cloud.openfeign.FeignClientFactoryBean] is not eligible for getting processed by all BeanPostProcessors (for example: not eligible for auto-proxying)
13:08:51:453  INFO 2384 --- [main] o.s.b.w.embedded.tomcat.TomcatWebServer  : Tomcat initialized with port(s): 8082 (http)
13:08:51:462  INFO 2384 --- [main] o.apache.catalina.core.StandardService   : Starting service [Tomcat]
13:08:51:463  INFO 2384 --- [main] org.apache.catalina.core.StandardEngine  : Starting Servlet engine: [Apache Tomcat/9.0.75]
13:08:51:610  INFO 2384 --- [main] o.a.c.c.C.[Tomcat].[localhost].[/]       : Initializing Spring embedded WebApplicationContext
13:08:51:610  INFO 2384 --- [main] w.s.c.ServletWebServerApplicationContext : Root WebApplicationContext: initialization completed in 1699 ms
13:08:51:817  WARN 2384 --- [main] ConfigServletWebServerApplicationContext : Exception encountered during context initialization - cancelling refresh attempt: org.springframework.beans.factory.UnsatisfiedDependencyException: Error creating bean with name 'cartController' defined in file [D:\Java\10\hmall\cart-service\target\classes\com\hmall\cart\controller\CartController.class]: Unsatisfied dependency expressed through constructor parameter 0; nested exception is org.springframework.beans.factory.UnsatisfiedDependencyException: Error creating bean with name 'cartServiceImpl' defined in file [D:\Java\10\hmall\cart-service\target\classes\com\hmall\cart\service\impl\CartServiceImpl.class]: Unsatisfied dependency expressed through constructor parameter 0; nested exception is org.springframework.beans.factory.BeanCreationException: Error creating bean with name 'com.hmall.cart.client.ItemClient': FactoryBean threw exception on object creation; nested exception is java.lang.IllegalStateException: No Feign Client for loadBalancing defined. Did you forget to include spring-cloud-starter-netflix-ribbon?
13:08:51:820  INFO 2384 --- [main] o.apache.catalina.core.StandardService   : Stopping service [Tomcat]
13:08:51:837  INFO 2384 --- [main] ConditionEvaluationReportLoggingListener : 

Error starting ApplicationContext. To display the conditions report re-run your application with 'debug' enabled.
13:08:51:868 ERROR 2384 --- [main] o.s.boot.SpringApplication               : Application run failed

org.springframework.beans.factory.UnsatisfiedDependencyException: Error creating bean with name 'cartController' defined in file [D:\Java\10\hmall\cart-service\target\classes\com\hmall\cart\controller\CartController.class]: Unsatisfied dependency expressed through constructor parameter 0; nested exception is org.springframework.beans.factory.UnsatisfiedDependencyException: Error creating bean with name 'cartServiceImpl' defined in file [D:\Java\10\hmall\cart-service\target\classes\com\hmall\cart\service\impl\CartServiceImpl.class]: Unsatisfied dependency expressed through constructor parameter 0; nested exception is org.springframework.beans.factory.BeanCreationException: Error creating bean with name 'com.hmall.cart.client.ItemClient': FactoryBean threw exception on object creation; nested exception is java.lang.IllegalStateException: No Feign Client for loadBalancing defined. Did you forget to include spring-cloud-starter-netflix-ribbon?
	at org.springframework.beans.factory.support.ConstructorResolver.createArgumentArray(ConstructorResolver.java:800) ~[spring-beans-5.3.27.jar:5.3.27]
	at org.springframework.beans.factory.support.ConstructorResolver.autowireConstructor(ConstructorResolver.java:229) ~[spring-beans-5.3.27.jar:5.3.27]
	at org.springframework.beans.factory.support.AbstractAutowireCapableBeanFactory.autowireConstructor(AbstractAutowireCapableBeanFactory.java:1372) ~[spring-beans-5.3.27.jar:5.3.27]
	at org.springframework.beans.factory.support.AbstractAutowireCapableBeanFactory.createBeanInstance(AbstractAutowireCapableBeanFactory.java:1222) ~[spring-beans-5.3.27.jar:5.3.27]
	at org.springframework.beans.factory.support.AbstractAutowireCapableBeanFactory.doCreateBean(AbstractAutowireCapableBeanFactory.java:582) ~[spring-beans-5.3.27.jar:5.3.27]
	at org.springframework.beans.factory.support.AbstractAutowireCapableBeanFactory.createBean(AbstractAutowireCapableBeanFactory.java:542) ~[spring-beans-5.3.27.jar:5.3.27]
	at org.springframework.beans.factory.support.AbstractBeanFactory.lambda$doGetBean$0(AbstractBeanFactory.java:335) ~[spring-beans-5.3.27.jar:5.3.27]
	at org.springframework.beans.factory.support.DefaultSingletonBeanRegistry.getSingleton(DefaultSingletonBeanRegistry.java:234) ~[spring-beans-5.3.27.jar:5.3.27]
	at org.springframework.beans.factory.support.AbstractBeanFactory.doGetBean(AbstractBeanFactory.java:333) ~[spring-beans-5.3.27.jar:5.3.27]
	at org.springframework.beans.factory.support.AbstractBeanFactory.getBean(AbstractBeanFactory.java:208) ~[spring-beans-5.3.27.jar:5.3.27]
	at org.springframework.beans.factory.support.DefaultListableBeanFactory.preInstantiateSingletons(DefaultListableBeanFactory.java:955) ~[spring-beans-5.3.27.jar:5.3.27]
	at org.springframework.context.support.AbstractApplicationContext.finishBeanFactoryInitialization(AbstractApplicationContext.java:920) ~[spring-context-5.3.27.jar:5.3.27]
	at org.springframework.context.support.AbstractApplicationContext.refresh(AbstractApplicationContext.java:583) ~[spring-context-5.3.27.jar:5.3.27]
	at org.springframework.boot.web.servlet.context.ServletWebServerApplicationContext.refresh(ServletWebServerApplicationContext.java:147) ~[spring-boot-2.7.12.jar:2.7.12]
	at org.springframework.boot.SpringApplication.refresh(SpringApplication.java:731) ~[spring-boot-2.7.12.jar:2.7.12]
	at org.springframework.boot.SpringApplication.refreshContext(SpringApplication.java:408) ~[spring-boot-2.7.12.jar:2.7.12]
	at org.springframework.boot.SpringApplication.run(SpringApplication.java:307) ~[spring-boot-2.7.12.jar:2.7.12]
	at org.springframework.boot.SpringApplication.run(SpringApplication.java:1303) ~[spring-boot-2.7.12.jar:2.7.12]
	at org.springframework.boot.SpringApplication.run(SpringApplication.java:1292) ~[spring-boot-2.7.12.jar:2.7.12]
	at com.hmall.cart.CartApplication.main(CartApplication.java:15) ~[classes/:na]
Caused by: org.springframework.beans.factory.UnsatisfiedDependencyException: Error creating bean with name 'cartServiceImpl' defined in file [D:\Java\10\hmall\cart-service\target\classes\com\hmall\cart\service\impl\CartServiceImpl.class]: Unsatisfied dependency expressed through constructor parameter 0; nested exception is org.springframework.beans.factory.BeanCreationException: Error creating bean with name 'com.hmall.cart.client.ItemClient': FactoryBean threw exception on object creation; nested exception is java.lang.IllegalStateException: No Feign Client for loadBalancing defined. Did you forget to include spring-cloud-starter-netflix-ribbon?
	at org.springframework.beans.factory.support.ConstructorResolver.createArgumentArray(ConstructorResolver.java:800) ~[spring-beans-5.3.27.jar:5.3.27]
	at org.springframework.beans.factory.support.ConstructorResolver.autowireConstructor(ConstructorResolver.java:229) ~[spring-beans-5.3.27.jar:5.3.27]
	at org.springframework.beans.factory.support.AbstractAutowireCapableBeanFactory.autowireConstructor(AbstractAutowireCapableBeanFactory.java:1372) ~[spring-beans-5.3.27.jar:5.3.27]
	at org.springframework.beans.factory.support.AbstractAutowireCapableBeanFactory.createBeanInstance(AbstractAutowireCapableBeanFactory.java:1222) ~[spring-beans-5.3.27.jar:5.3.27]
	at org.springframework.beans.factory.support.AbstractAutowireCapableBeanFactory.doCreateBean(AbstractAutowireCapableBeanFactory.java:582) ~[spring-beans-5.3.27.jar:5.3.27]
	at org.springframework.beans.factory.support.AbstractAutowireCapableBeanFactory.createBean(AbstractAutowireCapableBeanFactory.java:542) ~[spring-beans-5.3.27.jar:5.3.27]
	at org.springframework.beans.factory.support.AbstractBeanFactory.lambda$doGetBean$0(AbstractBeanFactory.java:335) ~[spring-beans-5.3.27.jar:5.3.27]
	at org.springframework.beans.factory.support.DefaultSingletonBeanRegistry.getSingleton(DefaultSingletonBeanRegistry.java:234) ~[spring-beans-5.3.27.jar:5.3.27]
	at org.springframework.beans.factory.support.AbstractBeanFactory.doGetBean(AbstractBeanFactory.java:333) ~[spring-beans-5.3.27.jar:5.3.27]
	at org.springframework.beans.factory.support.AbstractBeanFactory.getBean(AbstractBeanFactory.java:208) ~[spring-beans-5.3.27.jar:5.3.27]
	at org.springframework.beans.factory.config.DependencyDescriptor.resolveCandidate(DependencyDescriptor.java:276) ~[spring-beans-5.3.27.jar:5.3.27]
	at org.springframework.beans.factory.support.DefaultListableBeanFactory.doResolveDependency(DefaultListableBeanFactory.java:1391) ~[spring-beans-5.3.27.jar:5.3.27]
	at org.springframework.beans.factory.support.DefaultListableBeanFactory.resolveDependency(DefaultListableBeanFactory.java:1311) ~[spring-beans-5.3.27.jar:5.3.27]
	at org.springframework.beans.factory.support.ConstructorResolver.resolveAutowiredArgument(ConstructorResolver.java:887) ~[spring-beans-5.3.27.jar:5.3.27]
	at org.springframework.beans.factory.support.ConstructorResolver.createArgumentArray(ConstructorResolver.java:791) ~[spring-beans-5.3.27.jar:5.3.27]
	... 19 common frames omitted
Caused by: org.springframework.beans.factory.BeanCreationException: Error creating bean with name 'com.hmall.cart.client.ItemClient': FactoryBean threw exception on object creation; nested exception is java.lang.IllegalStateException: No Feign Client for loadBalancing defined. Did you forget to include spring-cloud-starter-netflix-ribbon?
	at org.springframework.beans.factory.support.FactoryBeanRegistrySupport.doGetObjectFromFactoryBean(FactoryBeanRegistrySupport.java:176) ~[spring-beans-5.3.27.jar:5.3.27]
	at org.springframework.beans.factory.support.FactoryBeanRegistrySupport.getObjectFromFactoryBean(FactoryBeanRegistrySupport.java:101) ~[spring-beans-5.3.27.jar:5.3.27]
	at org.springframework.beans.factory.support.AbstractBeanFactory.getObjectForBeanInstance(AbstractBeanFactory.java:1898) ~[spring-beans-5.3.27.jar:5.3.27]
	at org.springframework.beans.factory.support.AbstractAutowireCapableBeanFactory.getObjectForBeanInstance(AbstractAutowireCapableBeanFactory.java:1284) ~[spring-beans-5.3.27.jar:5.3.27]
	at org.springframework.beans.factory.support.AbstractBeanFactory.doGetBean(AbstractBeanFactory.java:267) ~[spring-beans-5.3.27.jar:5.3.27]
	at org.springframework.beans.factory.support.AbstractBeanFactory.getBean(AbstractBeanFactory.java:208) ~[spring-beans-5.3.27.jar:5.3.27]
	at org.springframework.beans.factory.config.DependencyDescriptor.resolveCandidate(DependencyDescriptor.java:276) ~[spring-beans-5.3.27.jar:5.3.27]
	at org.springframework.beans.factory.support.DefaultListableBeanFactory.addCandidateEntry(DefaultListableBeanFactory.java:1616) ~[spring-beans-5.3.27.jar:5.3.27]
	at org.springframework.beans.factory.support.DefaultListableBeanFactory.findAutowireCandidates(DefaultListableBeanFactory.java:1573) ~[spring-beans-5.3.27.jar:5.3.27]
	at org.springframework.beans.factory.support.DefaultListableBeanFactory.doResolveDependency(DefaultListableBeanFactory.java:1354) ~[spring-beans-5.3.27.jar:5.3.27]
	at org.springframework.beans.factory.support.DefaultListableBeanFactory.resolveDependency(DefaultListableBeanFactory.java:1311) ~[spring-beans-5.3.27.jar:5.3.27]
	at org.springframework.beans.factory.support.ConstructorResolver.resolveAutowiredArgument(ConstructorResolver.java:887) ~[spring-beans-5.3.27.jar:5.3.27]
	at org.springframework.beans.factory.support.ConstructorResolver.createArgumentArray(ConstructorResolver.java:791) ~[spring-beans-5.3.27.jar:5.3.27]
	... 33 common frames omitted
Caused by: java.lang.IllegalStateException: No Feign Client for loadBalancing defined. Did you forget to include spring-cloud-starter-netflix-ribbon?
	at org.springframework.cloud.openfeign.FeignClientFactoryBean.loadBalance(FeignClientFactoryBean.java:241) ~[spring-cloud-openfeign-core-2.1.1.RELEASE.jar:2.1.1.RELEASE]
	at org.springframework.cloud.openfeign.FeignClientFactoryBean.getTarget(FeignClientFactoryBean.java:267) ~[spring-cloud-openfeign-core-2.1.1.RELEASE.jar:2.1.1.RELEASE]
	at org.springframework.cloud.openfeign.FeignClientFactoryBean.getObject(FeignClientFactoryBean.java:247) ~[spring-cloud-openfeign-core-2.1.1.RELEASE.jar:2.1.1.RELEASE]
	at org.springframework.beans.factory.support.FactoryBeanRegistrySupport.doGetObjectFromFactoryBean(FactoryBeanRegistrySupport.java:169) ~[spring-beans-5.3.27.jar:5.3.27]
	... 45 common frames omitted

13:18:10:926  INFO 19864 --- [main] com.hmall.cart.CartApplication           : Starting CartApplication using Java 11.0.1 on 工藤新一 with PID 19864 (D:\Java\10\hmall\cart-service\target\classes started by 李新安 in D:\Java\10\hmall)
13:18:10:928 DEBUG 19864 --- [main] com.hmall.cart.CartApplication           : Running with Spring Boot v2.7.12, Spring v5.3.27
13:18:10:928  INFO 19864 --- [main] com.hmall.cart.CartApplication           : The following 1 profile is active: "local"
13:18:11:931  INFO 19864 --- [main] .s.d.r.c.RepositoryConfigurationDelegate : Multiple Spring Data modules found, entering strict repository configuration mode
13:18:11:934  INFO 19864 --- [main] .s.d.r.c.RepositoryConfigurationDelegate : Bootstrapping Spring Data Redis repositories in DEFAULT mode.
13:18:11:961  INFO 19864 --- [main] .s.d.r.c.RepositoryConfigurationDelegate : Finished Spring Data repository scanning in 11 ms. Found 0 Redis repository interfaces.
13:18:12:211  INFO 19864 --- [main] o.s.cloud.context.scope.GenericScope     : BeanFactory id=f0d8a8f2-b903-3617-9de7-20364bd148f8
13:18:12:598  INFO 19864 --- [main] o.s.b.w.embedded.tomcat.TomcatWebServer  : Tomcat initialized with port(s): 8082 (http)
13:18:12:608  INFO 19864 --- [main] o.apache.catalina.core.StandardService   : Starting service [Tomcat]
13:18:12:609  INFO 19864 --- [main] org.apache.catalina.core.StandardEngine  : Starting Servlet engine: [Apache Tomcat/9.0.75]
13:18:12:757  INFO 19864 --- [main] o.a.c.c.C.[Tomcat].[localhost].[/]       : Initializing Spring embedded WebApplicationContext
13:18:12:758  INFO 19864 --- [main] w.s.c.ServletWebServerApplicationContext : Root WebApplicationContext: initialization completed in 1784 ms
13:18:12:963  INFO 19864 --- [main] o.s.c.openfeign.FeignClientFactoryBean   : For 'item-service' URL not provided. Will try picking an instance via load-balancing.
13:18:15:747  INFO 19864 --- [main] pertySourcedRequestMappingHandlerMapping : Mapped URL path [/v2/api-docs] onto method [springfox.documentation.swagger2.web.Swagger2ControllerWebMvc#getDocumentation(String, HttpServletRequest)]
13:18:16:926  INFO 19864 --- [main] com.alibaba.nacos.common.remote.client   : [RpcClientFactory] create a new rpc client of 86c30d8d-602e-46c1-8d63-14f8f9298a9b
13:18:16:971  INFO 19864 --- [main] org.reflections.Reflections              : Reflections took 25 ms to scan 1 urls, producing 3 keys and 6 values 
13:18:17:013  INFO 19864 --- [main] org.reflections.Reflections              : Reflections took 25 ms to scan 1 urls, producing 4 keys and 9 values 
13:18:17:025  INFO 19864 --- [main] org.reflections.Reflections              : Reflections took 9 ms to scan 1 urls, producing 3 keys and 10 values 
13:18:17:027  WARN 19864 --- [main] org.reflections.Reflections              : given scan urls are empty. set urls in the configuration
13:18:17:037  INFO 19864 --- [main] org.reflections.Reflections              : Reflections took 8 ms to scan 1 urls, producing 1 keys and 5 values 
13:18:17:048  INFO 19864 --- [main] org.reflections.Reflections              : Reflections took 8 ms to scan 1 urls, producing 1 keys and 7 values 
13:18:17:060  INFO 19864 --- [main] org.reflections.Reflections              : Reflections took 8 ms to scan 1 urls, producing 2 keys and 8 values 
13:18:17:062  WARN 19864 --- [main] org.reflections.Reflections              : given scan urls are empty. set urls in the configuration
13:18:17:063  INFO 19864 --- [main] com.alibaba.nacos.common.remote.client   : [86c30d8d-602e-46c1-8d63-14f8f9298a9b] RpcClient init label, labels = {module=naming, source=sdk}
13:18:17:066  INFO 19864 --- [main] com.alibaba.nacos.common.remote.client   : [86c30d8d-602e-46c1-8d63-14f8f9298a9b] RpcClient init, ServerListFactory = com.alibaba.nacos.client.naming.core.ServerListManager
13:18:17:067  INFO 19864 --- [main] com.alibaba.nacos.common.remote.client   : [86c30d8d-602e-46c1-8d63-14f8f9298a9b] Registry connection listener to current client:com.alibaba.nacos.client.naming.remote.gprc.redo.NamingGrpcRedoService
13:18:17:067  INFO 19864 --- [main] com.alibaba.nacos.common.remote.client   : [86c30d8d-602e-46c1-8d63-14f8f9298a9b] Register server push request handler:com.alibaba.nacos.client.naming.remote.gprc.NamingPushRequestHandler
13:18:17:068  INFO 19864 --- [main] com.alibaba.nacos.common.remote.client   : [86c30d8d-602e-46c1-8d63-14f8f9298a9b] Try to connect to server on start up, server: {serverIp = '192.168.47.132', server main port = 8848}
13:18:19:164  INFO 19864 --- [main] com.alibaba.nacos.common.remote.client   : [86c30d8d-602e-46c1-8d63-14f8f9298a9b] Success to connect to server [192.168.47.132:8848] on start up, connectionId = 1727191211972_192.168.47.1_51457
13:18:19:167  INFO 19864 --- [com.alibaba.nacos.client.remote.worker] com.alibaba.nacos.common.remote.client   : [86c30d8d-602e-46c1-8d63-14f8f9298a9b] Notify connected event to listeners.
13:18:19:170  INFO 19864 --- [main] com.alibaba.nacos.common.remote.client   : [86c30d8d-602e-46c1-8d63-14f8f9298a9b] Register server push request handler:com.alibaba.nacos.common.remote.client.RpcClient$ConnectResetRequestHandler
13:18:19:174  INFO 19864 --- [main] com.alibaba.nacos.common.remote.client   : [86c30d8d-602e-46c1-8d63-14f8f9298a9b] Register server push request handler:com.alibaba.nacos.common.remote.client.RpcClient$$Lambda$1114/0x00000008007a2c40
13:18:19:261  INFO 19864 --- [main] o.s.b.w.embedded.tomcat.TomcatWebServer  : Tomcat started on port(s): 8082 (http) with context path ''
13:18:19:271  INFO 19864 --- [main] c.a.c.n.registry.NacosServiceRegistry    : nacos registry, DEFAULT_GROUP cart-service 192.168.43.135:8082 register finished
13:18:19:714  INFO 19864 --- [nacos-grpc-client-executor-9] com.alibaba.nacos.common.remote.client   : [86c30d8d-602e-46c1-8d63-14f8f9298a9b] Receive server push request, request = NotifySubscriberRequest, requestId = 18
13:18:19:718  INFO 19864 --- [nacos-grpc-client-executor-9] com.alibaba.nacos.common.remote.client   : [86c30d8d-602e-46c1-8d63-14f8f9298a9b] Ack server push request, request = NotifySubscriberRequest, requestId = 18
13:18:19:908  INFO 19864 --- [main] d.s.w.p.DocumentationPluginsBootstrapper : Documentation plugins bootstrapped
13:18:19:911  INFO 19864 --- [main] d.s.w.p.DocumentationPluginsBootstrapper : Found 1 custom documentation plugin(s)
13:18:19:940  INFO 19864 --- [main] s.d.s.w.s.ApiListingReferenceScanner     : Scanning for api listing references
13:18:20:054  INFO 19864 --- [main] com.hmall.cart.CartApplication           : Started CartApplication in 10.802 seconds (JVM running for 13.019)
13:19:30:165  INFO 19864 --- [http-nio-8082-exec-1] o.a.c.c.C.[Tomcat].[localhost].[/]       : Initializing Spring DispatcherServlet 'dispatcherServlet'
13:19:30:165  INFO 19864 --- [http-nio-8082-exec-1] o.s.web.servlet.DispatcherServlet        : Initializing Servlet 'dispatcherServlet'
13:19:30:167  INFO 19864 --- [http-nio-8082-exec-1] o.s.web.servlet.DispatcherServlet        : Completed initialization in 2 ms
13:19:34:934  INFO 19864 --- [http-nio-8082-exec-5] com.zaxxer.hikari.HikariDataSource       : HikariPool-1 - Starting...
13:19:35:487  INFO 19864 --- [http-nio-8082-exec-5] com.zaxxer.hikari.HikariDataSource       : HikariPool-1 - Start completed.
13:19:35:498 DEBUG 19864 --- [http-nio-8082-exec-5] c.h.cart.mapper.CartMapper.selectList    : ==>  Preparing: SELECT id,user_id,item_id,num,name,spec,price,image,create_time,update_time FROM cart WHERE (user_id = ?)
13:19:35:530 DEBUG 19864 --- [http-nio-8082-exec-5] c.h.cart.mapper.CartMapper.selectList    : ==> Parameters: 1(Long)
13:19:35:565 DEBUG 19864 --- [http-nio-8082-exec-5] c.h.cart.mapper.CartMapper.selectList    : <==      Total: 1
13:19:36:350  INFO 19864 --- [nacos-grpc-client-executor-32] com.alibaba.nacos.common.remote.client   : [86c30d8d-602e-46c1-8d63-14f8f9298a9b] Receive server push request, request = NotifySubscriberRequest, requestId = 19
13:19:36:354  INFO 19864 --- [nacos-grpc-client-executor-32] com.alibaba.nacos.common.remote.client   : [86c30d8d-602e-46c1-8d63-14f8f9298a9b] Ack server push request, request = NotifySubscriberRequest, requestId = 19
13:19:37:699 DEBUG 19864 --- [http-nio-8082-exec-4] c.h.cart.mapper.CartMapper.selectList    : ==>  Preparing: SELECT id,user_id,item_id,num,name,spec,price,image,create_time,update_time FROM cart WHERE (user_id = ?)
13:19:37:699 DEBUG 19864 --- [http-nio-8082-exec-4] c.h.cart.mapper.CartMapper.selectList    : ==> Parameters: 1(Long)
13:19:37:703 DEBUG 19864 --- [http-nio-8082-exec-4] c.h.cart.mapper.CartMapper.selectList    : <==      Total: 1
16:51:32:169  INFO 20504 --- [main] com.hmall.cart.CartApplication           : Starting CartApplication using Java 11.0.1 on 工藤新一 with PID 20504 (D:\Java\10\hmall\cart-service\target\classes started by 李新安 in D:\Java\10\hmall)
16:51:32:181 DEBUG 20504 --- [main] com.hmall.cart.CartApplication           : Running with Spring Boot v2.7.12, Spring v5.3.27
16:51:32:181  INFO 20504 --- [main] com.hmall.cart.CartApplication           : The following 1 profile is active: "local"
16:51:33:164  INFO 20504 --- [main] .s.d.r.c.RepositoryConfigurationDelegate : Multiple Spring Data modules found, entering strict repository configuration mode
16:51:33:167  INFO 20504 --- [main] .s.d.r.c.RepositoryConfigurationDelegate : Bootstrapping Spring Data Redis repositories in DEFAULT mode.
16:51:33:193  INFO 20504 --- [main] .s.d.r.c.RepositoryConfigurationDelegate : Finished Spring Data repository scanning in 12 ms. Found 0 Redis repository interfaces.
16:51:33:453  INFO 20504 --- [main] o.s.cloud.context.scope.GenericScope     : BeanFactory id=634b4e91-a2ea-3cf3-8bb2-192ca61bd55e
16:51:33:877  INFO 20504 --- [main] o.s.b.w.embedded.tomcat.TomcatWebServer  : Tomcat initialized with port(s): 8082 (http)
16:51:33:887  INFO 20504 --- [main] o.apache.catalina.core.StandardService   : Starting service [Tomcat]
16:51:33:888  INFO 20504 --- [main] org.apache.catalina.core.StandardEngine  : Starting Servlet engine: [Apache Tomcat/9.0.75]
16:51:34:034  INFO 20504 --- [main] o.a.c.c.C.[Tomcat].[localhost].[/]       : Initializing Spring embedded WebApplicationContext
16:51:34:034  INFO 20504 --- [main] w.s.c.ServletWebServerApplicationContext : Root WebApplicationContext: initialization completed in 1801 ms
16:51:34:252  INFO 20504 --- [main] o.s.c.openfeign.FeignClientFactoryBean   : For 'item-service' URL not provided. Will try picking an instance via load-balancing.
16:51:37:187  INFO 20504 --- [main] pertySourcedRequestMappingHandlerMapping : Mapped URL path [/v2/api-docs] onto method [springfox.documentation.swagger2.web.Swagger2ControllerWebMvc#getDocumentation(String, HttpServletRequest)]
16:51:38:273  INFO 20504 --- [main] com.alibaba.nacos.common.remote.client   : [RpcClientFactory] create a new rpc client of b00cf07c-1359-4a96-96cb-d27e8fa48545
16:51:38:321  INFO 20504 --- [main] org.reflections.Reflections              : Reflections took 26 ms to scan 1 urls, producing 3 keys and 6 values 
16:51:38:348  INFO 20504 --- [main] org.reflections.Reflections              : Reflections took 10 ms to scan 1 urls, producing 4 keys and 9 values 
16:51:38:361  INFO 20504 --- [main] org.reflections.Reflections              : Reflections took 9 ms to scan 1 urls, producing 3 keys and 10 values 
16:51:38:365  WARN 20504 --- [main] org.reflections.Reflections              : given scan urls are empty. set urls in the configuration
16:51:38:373  INFO 20504 --- [main] org.reflections.Reflections              : Reflections took 8 ms to scan 1 urls, producing 1 keys and 5 values 
16:51:38:384  INFO 20504 --- [main] org.reflections.Reflections              : Reflections took 8 ms to scan 1 urls, producing 1 keys and 7 values 
16:51:38:397  INFO 20504 --- [main] org.reflections.Reflections              : Reflections took 10 ms to scan 1 urls, producing 2 keys and 8 values 
16:51:38:400  WARN 20504 --- [main] org.reflections.Reflections              : given scan urls are empty. set urls in the configuration
16:51:38:401  INFO 20504 --- [main] com.alibaba.nacos.common.remote.client   : [b00cf07c-1359-4a96-96cb-d27e8fa48545] RpcClient init label, labels = {module=naming, source=sdk}
16:51:38:404  INFO 20504 --- [main] com.alibaba.nacos.common.remote.client   : [b00cf07c-1359-4a96-96cb-d27e8fa48545] RpcClient init, ServerListFactory = com.alibaba.nacos.client.naming.core.ServerListManager
16:51:38:404  INFO 20504 --- [main] com.alibaba.nacos.common.remote.client   : [b00cf07c-1359-4a96-96cb-d27e8fa48545] Registry connection listener to current client:com.alibaba.nacos.client.naming.remote.gprc.redo.NamingGrpcRedoService
16:51:38:404  INFO 20504 --- [main] com.alibaba.nacos.common.remote.client   : [b00cf07c-1359-4a96-96cb-d27e8fa48545] Register server push request handler:com.alibaba.nacos.client.naming.remote.gprc.NamingPushRequestHandler
16:51:38:406  INFO 20504 --- [main] com.alibaba.nacos.common.remote.client   : [b00cf07c-1359-4a96-96cb-d27e8fa48545] Try to connect to server on start up, server: {serverIp = '192.168.47.132', server main port = 8848}
16:51:40:542  INFO 20504 --- [main] com.alibaba.nacos.common.remote.client   : [b00cf07c-1359-4a96-96cb-d27e8fa48545] Success to connect to server [192.168.47.132:8848] on start up, connectionId = 1727192861771_192.168.47.1_65194
16:51:40:543  INFO 20504 --- [com.alibaba.nacos.client.remote.worker] com.alibaba.nacos.common.remote.client   : [b00cf07c-1359-4a96-96cb-d27e8fa48545] Notify connected event to listeners.
16:51:40:544  INFO 20504 --- [main] com.alibaba.nacos.common.remote.client   : [b00cf07c-1359-4a96-96cb-d27e8fa48545] Register server push request handler:com.alibaba.nacos.common.remote.client.RpcClient$ConnectResetRequestHandler
16:51:40:545  INFO 20504 --- [main] com.alibaba.nacos.common.remote.client   : [b00cf07c-1359-4a96-96cb-d27e8fa48545] Register server push request handler:com.alibaba.nacos.common.remote.client.RpcClient$$Lambda$1127/0x0000000800834840
16:51:40:611  INFO 20504 --- [main] o.s.b.w.embedded.tomcat.TomcatWebServer  : Tomcat started on port(s): 8082 (http) with context path ''
16:51:40:622  INFO 20504 --- [main] c.a.c.n.registry.NacosServiceRegistry    : nacos registry, DEFAULT_GROUP cart-service 192.168.43.135:8082 register finished
16:51:41:036  INFO 20504 --- [nacos-grpc-client-executor-10] com.alibaba.nacos.common.remote.client   : [b00cf07c-1359-4a96-96cb-d27e8fa48545] Receive server push request, request = NotifySubscriberRequest, requestId = 23
16:51:41:039  INFO 20504 --- [nacos-grpc-client-executor-10] com.alibaba.nacos.common.remote.client   : [b00cf07c-1359-4a96-96cb-d27e8fa48545] Ack server push request, request = NotifySubscriberRequest, requestId = 23
16:51:41:199  INFO 20504 --- [main] d.s.w.p.DocumentationPluginsBootstrapper : Documentation plugins bootstrapped
16:51:41:203  INFO 20504 --- [main] d.s.w.p.DocumentationPluginsBootstrapper : Found 1 custom documentation plugin(s)
16:51:41:234  INFO 20504 --- [main] s.d.s.w.s.ApiListingReferenceScanner     : Scanning for api listing references
16:51:41:355  INFO 20504 --- [main] com.hmall.cart.CartApplication           : Started CartApplication in 10.576 seconds (JVM running for 11.96)
